2025-10-11 14:49:13,800 [INFO] ๐ BแบฎT ฤแบฆU CRAWL (server-compressed raw + JSONL.GZ)
2025-10-11 14:49:13,801 [ERROR] โ Khรดng tรฌm thแบฅy data\links.txt
2025-10-11 14:50:12,335 [INFO] ๐ BแบฎT ฤแบฆU CRAWL (server-compressed raw + JSONL.GZ)
2025-10-11 14:50:12,350 [INFO] ๐ Loaded 4 links
2025-10-11 14:50:27,390 [INFO] ============================================================
2025-10-11 14:50:27,391 [INFO] ๐ KแบพT QUแบข CRAWL (RAW, SERVER-COMPRESSED WHEN POSSIBLE)
2025-10-11 14:50:27,391 [INFO] โฑ๏ธ  Thแปi gian: 15.0s (0.3 phรบt)
2025-10-11 14:50:27,391 [INFO] ๐ Tแปng links: 4
2025-10-11 14:50:27,391 [INFO] โ Thรnh cรดng: 4
2025-10-11 14:50:27,391 [INFO] โ Thแบฅt bแบกi: 0
2025-10-11 14:50:27,391 [INFO] ๐ Trรนng lแบทp: 0
2025-10-11 14:50:27,392 [INFO] โก Tแปc ฤแป: 0.27 URLs/s
2025-10-11 14:50:27,392 [INFO] ============================================================
2025-10-11 14:50:27,392 [INFO] โ Xong! JSONL.GZ: data\news_2025.jsonl.gz | Raw: raw_html/
2025-10-11 14:51:48,309 [INFO] ๐ BแบฎT ฤแบฆU CRAWL (server-compressed raw + JSONL.GZ)
2025-10-11 14:51:48,310 [INFO] ๐ Loaded 4 links
2025-10-11 14:51:48,331 [INFO] ๐ Loaded 4 seen URLs
2025-10-11 14:51:48,338 [INFO] ============================================================
2025-10-11 14:51:48,338 [INFO] ๐ KแบพT QUแบข CRAWL (RAW, SERVER-COMPRESSED WHEN POSSIBLE)
2025-10-11 14:51:48,338 [INFO] โฑ๏ธ  Thแปi gian: 0.0s (0.0 phรบt)
2025-10-11 14:51:48,338 [INFO] ๐ Tแปng links: 4
2025-10-11 14:51:48,338 [INFO] โ Thรnh cรดng: 0
2025-10-11 14:51:48,338 [INFO] โ Thแบฅt bแบกi: 0
2025-10-11 14:51:48,338 [INFO] ๐ Trรนng lแบทp: 4
2025-10-11 14:51:48,339 [INFO] โก Tแปc ฤแป: 630.32 URLs/s
2025-10-11 14:51:48,339 [INFO] ============================================================
2025-10-11 14:51:48,339 [INFO] โ Xong! JSONL.GZ: data\news_2025.jsonl.gz | Raw: raw_html/
2025-10-11 14:52:20,511 [INFO] ๐ BแบฎT ฤแบฆU CRAWL (server-compressed raw + JSONL.GZ)
2025-10-11 14:52:20,546 [INFO] ๐ Loaded 5 links
2025-10-11 14:52:20,548 [INFO] ๐ Loaded 4 seen URLs
2025-10-11 14:52:20,677 [INFO] ============================================================
2025-10-11 14:52:20,677 [INFO] ๐ KแบพT QUแบข CRAWL (RAW, SERVER-COMPRESSED WHEN POSSIBLE)
2025-10-11 14:52:20,677 [INFO] โฑ๏ธ  Thแปi gian: 0.1s (0.0 phรบt)
2025-10-11 14:52:20,678 [INFO] ๐ Tแปng links: 5
2025-10-11 14:52:20,678 [INFO] โ Thรnh cรดng: 1
2025-10-11 14:52:20,678 [INFO] โ Thแบฅt bแบกi: 0
2025-10-11 14:52:20,678 [INFO] ๐ Trรนng lแบทp: 4
2025-10-11 14:52:20,678 [INFO] โก Tแปc ฤแป: 39.05 URLs/s
2025-10-11 14:52:20,678 [INFO] ============================================================
2025-10-11 14:52:20,678 [INFO] โ Xong! JSONL.GZ: data\news_2025.jsonl.gz | Raw: raw_html/
2025-10-11 14:52:43,767 [INFO] ๐ BแบฎT ฤแบฆU CRAWL (server-compressed raw + JSONL.GZ)
2025-10-11 14:52:43,769 [INFO] ๐ Loaded 2 links
2025-10-11 14:52:43,795 [INFO] ๐ Loaded 5 seen URLs
2025-10-11 14:52:43,800 [INFO] ============================================================
2025-10-11 14:52:43,800 [INFO] ๐ KแบพT QUแบข CRAWL (RAW, SERVER-COMPRESSED WHEN POSSIBLE)
2025-10-11 14:52:43,801 [INFO] โฑ๏ธ  Thแปi gian: 0.0s (0.0 phรบt)
2025-10-11 14:52:43,801 [INFO] ๐ Tแปng links: 2
2025-10-11 14:52:43,801 [INFO] โ Thรnh cรดng: 0
2025-10-11 14:52:43,801 [INFO] โ Thแบฅt bแบกi: 0
2025-10-11 14:52:43,801 [INFO] ๐ Trรนng lแบทp: 2
2025-10-11 14:52:43,801 [INFO] โก Tแปc ฤแป: 400.08 URLs/s
2025-10-11 14:52:43,801 [INFO] ============================================================
2025-10-11 14:52:43,801 [INFO] โ Xong! JSONL.GZ: data\news_2025.jsonl.gz | Raw: raw_html/
2025-10-11 14:57:55,735 [INFO] ๐ BแบฎT ฤแบฆU CRAWL (server-compressed raw + JSONL.GZ)
2025-10-11 14:57:55,738 [INFO] ๐ Loaded 3 links
2025-10-11 14:57:55,739 [INFO] ๐ Loaded 5 seen URLs
2025-10-11 14:57:55,745 [INFO] ============================================================
2025-10-11 14:57:55,745 [INFO] ๐ KแบพT QUแบข CRAWL (RAW, SERVER-COMPRESSED WHEN POSSIBLE)
2025-10-11 14:57:55,745 [INFO] โฑ๏ธ  Thแปi gian: 0.0s (0.0 phรบt)
2025-10-11 14:57:55,745 [INFO] ๐ Tแปng links: 3
2025-10-11 14:57:55,745 [INFO] โ Thรnh cรดng: 0
2025-10-11 14:57:55,745 [INFO] โ Thแบฅt bแบกi: 0
2025-10-11 14:57:55,746 [INFO] ๐ Trรนng lแบทp: 3
2025-10-11 14:57:55,746 [INFO] โก Tแปc ฤแป: 534.38 URLs/s
2025-10-11 14:57:55,746 [INFO] ============================================================
2025-10-11 14:57:55,746 [INFO] โ Xong! JSONL.GZ: data\news_2025.jsonl.gz | Raw: raw_html/
2025-10-11 14:58:56,368 [INFO] ๐ BแบฎT ฤแบฆU CRAWL (server-compressed raw + JSONL.GZ)
2025-10-11 14:58:56,412 [INFO] ๐ Loaded 4 links
2025-10-11 14:58:56,414 [INFO] ๐ Loaded 5 seen URLs
2025-10-11 14:58:56,647 [INFO] ============================================================
2025-10-11 14:58:56,648 [INFO] ๐ KแบพT QUแบข CRAWL (RAW, SERVER-COMPRESSED WHEN POSSIBLE)
2025-10-11 14:58:56,648 [INFO] โฑ๏ธ  Thแปi gian: 0.2s (0.0 phรบt)
2025-10-11 14:58:56,648 [INFO] ๐ Tแปng links: 4
2025-10-11 14:58:56,649 [INFO] โ Thรnh cรดng: 1
2025-10-11 14:58:56,649 [INFO] โ Thแบฅt bแบกi: 0
2025-10-11 14:58:56,649 [INFO] ๐ Trรนng lแบทp: 3
2025-10-11 14:58:56,649 [INFO] โก Tแปc ฤแป: 17.21 URLs/s
2025-10-11 14:58:56,649 [INFO] ============================================================
2025-10-11 14:58:56,649 [INFO] โ Xong! JSONL.GZ: data\news_2025.jsonl.gz | Raw: raw_html/
